2019-04-29 07:28:17.505  WARN 28568 --- [HikariPool-1 housekeeper] com.zaxxer.hikari.pool.HikariPool        : HikariPool-1 - Thread starvation or clock leap detected (housekeeper delta=9h57m50s975ms).
2019-04-29 08:22:24.553  WARN 28568 --- [HikariPool-1 housekeeper] com.zaxxer.hikari.pool.HikariPool        : HikariPool-1 - Thread starvation or clock leap detected (housekeeper delta=53m36s419ms).
2019-04-29 08:34:09.718  WARN 28568 --- [HikariPool-1 housekeeper] com.zaxxer.hikari.pool.HikariPool        : HikariPool-1 - Thread starvation or clock leap detected (housekeeper delta=1m43s241ms).
2019-04-29 08:36:44.126  WARN 28568 --- [HikariPool-1 housekeeper] com.zaxxer.hikari.pool.HikariPool        : HikariPool-1 - Retrograde clock change detected (housekeeper delta=-25s624ms), soft-evicting connections from pool.
2019-04-29 09:44:05.374  WARN 28568 --- [HikariPool-1 housekeeper] com.zaxxer.hikari.pool.HikariPool        : HikariPool-1 - Thread starvation or clock leap detected (housekeeper delta=39m51s22ms).
2019-04-29 09:56:07.928  INFO 28568 --- [Thread-9] o.s.s.concurrent.ThreadPoolTaskExecutor  : Shutting down ExecutorService 'applicationTaskExecutor'
2019-04-29 09:56:08.003  INFO 28568 --- [Thread-9] j.LocalContainerEntityManagerFactoryBean : Closing JPA EntityManagerFactory for persistence unit 'default'
2019-04-29 09:56:08.051  INFO 28568 --- [Thread-9] com.zaxxer.hikari.HikariDataSource       : HikariPool-1 - Shutdown initiated...
2019-04-29 09:56:08.082  INFO 28568 --- [Thread-9] com.zaxxer.hikari.HikariDataSource       : HikariPool-1 - Shutdown completed.
2019-04-29 09:56:08.937  INFO 28568 --- [restartedMain] c.m.S.SpringBootRestDemoApplication      : Starting SpringBootRestDemoApplication on localhost with PID 28568 (/Users/mangechen/Documents/Training/J2EE/SpringBootRESTDemo/target/classes started by mangechen in /Users/mangechen/Documents/Training/J2EE/SpringBootRESTDemo)
2019-04-29 09:56:08.937  INFO 28568 --- [restartedMain] c.m.S.SpringBootRestDemoApplication      : No active profile set, falling back to default profiles: default
2019-04-29 09:56:09.654  INFO 28568 --- [restartedMain] .s.d.r.c.RepositoryConfigurationDelegate : Bootstrapping Spring Data repositories in DEFAULT mode.
2019-04-29 09:56:09.701  INFO 28568 --- [restartedMain] .s.d.r.c.RepositoryConfigurationDelegate : Finished Spring Data repository scanning in 47ms. Found 5 repository interfaces.
2019-04-29 09:56:09.898  INFO 28568 --- [restartedMain] trationDelegate$BeanPostProcessorChecker : Bean 'org.springframework.transaction.annotation.ProxyTransactionManagementConfiguration' of type [org.springframework.transaction.annotation.ProxyTransactionManagementConfiguration$$EnhancerBySpringCGLIB$$b0875266] is not eligible for getting processed by all BeanPostProcessors (for example: not eligible for auto-proxying)
2019-04-29 09:56:09.933  INFO 28568 --- [restartedMain] trationDelegate$BeanPostProcessorChecker : Bean 'org.springframework.security.config.annotation.configuration.ObjectPostProcessorConfiguration' of type [org.springframework.security.config.annotation.configuration.ObjectPostProcessorConfiguration$$EnhancerBySpringCGLIB$$49351aa0] is not eligible for getting processed by all BeanPostProcessors (for example: not eligible for auto-proxying)
2019-04-29 09:56:09.936  INFO 28568 --- [restartedMain] trationDelegate$BeanPostProcessorChecker : Bean 'objectPostProcessor' of type [org.springframework.security.config.annotation.configuration.AutowireBeanFactoryObjectPostProcessor] is not eligible for getting processed by all BeanPostProcessors (for example: not eligible for auto-proxying)
2019-04-29 09:56:09.938  INFO 28568 --- [restartedMain] trationDelegate$BeanPostProcessorChecker : Bean 'org.springframework.security.access.expression.method.DefaultMethodSecurityExpressionHandler@36928a12' of type [org.springframework.security.access.expression.method.DefaultMethodSecurityExpressionHandler] is not eligible for getting processed by all BeanPostProcessors (for example: not eligible for auto-proxying)
2019-04-29 09:56:09.940  INFO 28568 --- [restartedMain] trationDelegate$BeanPostProcessorChecker : Bean 'org.springframework.security.config.annotation.method.configuration.GlobalMethodSecurityConfiguration' of type [org.springframework.security.config.annotation.method.configuration.GlobalMethodSecurityConfiguration$$EnhancerBySpringCGLIB$$6e09bd52] is not eligible for getting processed by all BeanPostProcessors (for example: not eligible for auto-proxying)
2019-04-29 09:56:09.945  INFO 28568 --- [restartedMain] trationDelegate$BeanPostProcessorChecker : Bean 'methodSecurityMetadataSource' of type [org.springframework.security.access.method.DelegatingMethodSecurityMetadataSource] is not eligible for getting processed by all BeanPostProcessors (for example: not eligible for auto-proxying)
2019-04-29 09:56:10.215  INFO 28568 --- [restartedMain] o.s.b.w.embedded.tomcat.TomcatWebServer  : Tomcat initialized with port(s): 8080 (http)
2019-04-29 09:56:10.217  INFO 28568 --- [restartedMain] o.apache.catalina.core.StandardService   : Starting service [Tomcat]
2019-04-29 09:56:10.218  INFO 28568 --- [restartedMain] org.apache.catalina.core.StandardEngine  : Starting Servlet engine: [Apache Tomcat/9.0.17]
2019-04-29 09:56:10.238  INFO 28568 --- [restartedMain] o.a.c.c.C.[Tomcat].[localhost].[/]       : Initializing Spring embedded WebApplicationContext
2019-04-29 09:56:10.239  INFO 28568 --- [restartedMain] o.s.web.context.ContextLoader            : Root WebApplicationContext: initialization completed in 1297 ms
2019-04-29 09:56:10.450  INFO 28568 --- [restartedMain] com.zaxxer.hikari.HikariDataSource       : HikariPool-2 - Starting...
2019-04-29 09:56:10.508  INFO 28568 --- [restartedMain] com.zaxxer.hikari.pool.PoolBase          : HikariPool-2 - Driver does not support get/set network timeout for connections. (oracle.jdbc.driver.T4CConnection.getNetworkTimeout()I)
2019-04-29 09:56:10.511  INFO 28568 --- [restartedMain] com.zaxxer.hikari.HikariDataSource       : HikariPool-2 - Start completed.
2019-04-29 09:56:10.539  INFO 28568 --- [restartedMain] o.hibernate.jpa.internal.util.LogHelper  : HHH000204: Processing PersistenceUnitInfo [
	name: default
	...]
2019-04-29 09:56:10.556  INFO 28568 --- [restartedMain] org.hibernate.dialect.Dialect            : HHH000400: Using dialect: org.hibernate.dialect.Oracle10gDialect
2019-04-29 09:56:10.911  INFO 28568 --- [restartedMain] j.LocalContainerEntityManagerFactoryBean : Initialized JPA EntityManagerFactory for persistence unit 'default'
2019-04-29 09:56:11.325  INFO 28568 --- [restartedMain] o.h.h.i.QueryTranslatorFactoryInitiator  : HHH000397: Using ASTQueryTranslatorFactory
2019-04-29 09:56:11.955  INFO 28568 --- [restartedMain] o.s.s.web.DefaultSecurityFilterChain     : Creating filter chain: any request, [org.springframework.security.web.context.request.async.WebAsyncManagerIntegrationFilter@2904c1d, org.springframework.security.web.context.SecurityContextPersistenceFilter@3d00a8aa, org.springframework.security.web.header.HeaderWriterFilter@220c283b, org.springframework.web.filter.CorsFilter@f9e98aa, org.springframework.security.web.authentication.logout.LogoutFilter@29e044bf, org.springframework.security.web.authentication.UsernamePasswordAuthenticationFilter@119decd1, org.springframework.security.web.savedrequest.RequestCacheAwareFilter@5c3efaf4, org.springframework.security.web.servletapi.SecurityContextHolderAwareRequestFilter@1f305cb8, org.springframework.security.web.authentication.rememberme.RememberMeAuthenticationFilter@3a5f4d4c, org.springframework.security.web.authentication.AnonymousAuthenticationFilter@688b6285, org.springframework.security.web.session.SessionManagementFilter@428e8d0c, org.springframework.security.web.access.ExceptionTranslationFilter@8c2a74]
2019-04-29 09:56:12.285  INFO 28568 --- [restartedMain] o.s.s.concurrent.ThreadPoolTaskExecutor  : Initializing ExecutorService 'applicationTaskExecutor'
2019-04-29 09:56:12.313  WARN 28568 --- [restartedMain] aWebConfiguration$JpaWebMvcConfiguration : spring.jpa.open-in-view is enabled by default. Therefore, database queries may be performed during view rendering. Explicitly configure spring.jpa.open-in-view to disable this warning
2019-04-29 09:56:12.711  INFO 28568 --- [restartedMain] o.s.b.d.a.OptionalLiveReloadServer       : LiveReload server is running on port 35729
2019-04-29 09:56:12.755  INFO 28568 --- [restartedMain] o.s.b.w.embedded.tomcat.TomcatWebServer  : Tomcat started on port(s): 8080 (http) with context path ''
2019-04-29 09:56:12.756  INFO 28568 --- [restartedMain] c.m.S.SpringBootRestDemoApplication      : Started SpringBootRestDemoApplication in 3.877 seconds (JVM running for 32887.787)
2019-04-29 09:56:12.760  INFO 28568 --- [restartedMain] .ConditionEvaluationDeltaLoggingListener : Condition evaluation unchanged
2019-04-29 09:56:14.516  INFO 28568 --- [Thread-19] o.s.s.concurrent.ThreadPoolTaskExecutor  : Shutting down ExecutorService 'applicationTaskExecutor'
2019-04-29 09:56:14.519  INFO 28568 --- [Thread-19] j.LocalContainerEntityManagerFactoryBean : Closing JPA EntityManagerFactory for persistence unit 'default'
2019-04-29 09:56:14.520  INFO 28568 --- [Thread-19] com.zaxxer.hikari.HikariDataSource       : HikariPool-2 - Shutdown initiated...
2019-04-29 09:56:14.549  INFO 28568 --- [Thread-19] com.zaxxer.hikari.HikariDataSource       : HikariPool-2 - Shutdown completed.
